2763
9970
6918
7182
5276
4476
6170
7226
1243
7458
8246
2430
8217
5212
713
2379
3975
2807
8443
4440
7160
8261
2819
6601
3775
2390
1453
7573
2460
2093
2594
7807
4109
4479
7696
3295
4823
5476
1140
3246
2846
7597
4031
8806
606
246
4958
2652
2322
6433
8172
7932
6433
5027
2923
4803
7093
1630
5021
5481
2740
8065
5529
6324
7006
6996
5342
3589
2999
3785
331
5866
9379
9943
6209
378
5991
6780
488
2894
7183
1511
2673
3416
6417
1587
6553
1486
5088
4193
9425
8095
6509
1064
6340
6510
8186
7643
452
6725
1018
4507
5963
6666
8633
352
9938
3674
694
1605
494
8688
2629
5986
3593
9137
3857
6007
11
8842
518
3241
2860
2706
3732
2577
9856
6596
895
6718
1366
2992
4802
921
6848
8717
860
77
8143
3833
3510
2431
2108
3613
6249
9193
7775
6488
5753
4711
2786
2379
5904
2054
3391
9498
6201
3678
6318
107
641
7125
4759
9497
4599
6557
7425
6530
6716
1234
4713
4016
2891
8304
1819
6174
9875
4725
5667
9182
7726
6590
9213
3310
3825
7480
1336
2492
1087
6967
3611
2337
3588
4657
8564
15
5649
2170
8551
956
9026
2777
572
4493
5946
5805
1435
2798
4503
2373
1473
5822
9007
9641
2838
8922
3943
5759
4959
1233
2578
3040
5276
5207
2035
1698
2187
6190
8732
7028
9389
6186
85
531
6056
6138
1449
4281
7556
8049
1471
3861
9795
4409
5618
2196
1544
5555
5988
1613
3974
6682
9778
8754
3316
5349
1539
5099
9483
9630
3339
2601
9755
929
1909
9849
1751
2580
1218
5362
1974
6505
1970
6441
8226
206
697
121
7859
2000
2500
8091
5480
4408
2552
2485
7374
5253
3144
9167
980
2929
8826
1437
2503
2882
7203
3585
5722
1949
7392
6648
5077
4362
4399
8111
191
5330
8142
3483
1541
526
5750
1544
8519
901
5436
4328
6920
8708
7909
7429
2469
282
1518
384
9794
4775
9290
6471
2901
8256
6564
4328
7820
5465
9361
716
660
8373
3105
8664
9692
9856
2708
6281
8159
2119
1874
786
8604
8969
2265
8219
4105
1555
6564
4363
1680
4542
4515
6024
4069
4825
5762
5004
7838
1564
3874
8489
5029
3342
9266
1448
575
7488
1438
4963
4989
6316
9676
5576
5750
6759
1377
7045
5643
7179
1929
7544
6475
7479
5927
3820
5078
3298
1198
8035
2773
7658
9527
3821
7792
9521
5203
5681
3158
5052
6633
7092
2636
2194
3980
6080
7343
7882
4172
3471
264
9828
6967
229
2577
1651
1182
7534
8530
4898
5418
9232
4530
9670
5146
6985
9287
8072
5857
4122
4657
3669
6747
410
1581
5767
3118
2436
5008
733
9063
3875
3344
2609
4165
8818
125
9031
9679
2923
6030
2288
3083
27
7592
6144
9913
5238
5939
1350
550
5690
2620
749
549
4031
3466
3581
7946
455
1626
338
6267
4077
2670
8740
7476
2057
8824
9256
9868
7842
1357
1469
6127
2067
7737
6333
7177
5847
9214
9132
1517
2052
8482
9589
6127
5902
4921
168
85
4778
1083
852
7549
2586
9781
9146
4054
4350
2584
1156
4421
5478
9756
9731
6065
1798
8940
7784
609
834
2880
5051
2386
2356
5098
7637
8798
4942
2362
8322
1481
787
1826
6938
2747
9938
3079
3773
6827
2938
8238
2126
8894
6542
9739
2512
6847
9612
8041
5000
1476
8011
9304
4461
3197
6713
2164
4789
9440
9306
5703
5885
7077
1475
1851
1661
6490
9482
8292
8152
8921
9393
3376
5905
7125
7674
6290
4408
7527
6746
9708
4207
7885
1171
5921
2678
6026
6119
2197
1378
8624
9218
4764
1338
5440
7548
6911
8177
8425
6391
5879
7769
1898
5290
8603
4899
5397
2638
4257
7582
8604
2650
2285
535
1244
7024
6962
1305
6739
3122
8188
9926
1175
815
9699
1765
3558
3733
5977
856
3810
5111
4060
3949
6172
3307
7503
8728
7885
863
8667
2351
6695
4398
5684
9994
8779
9870
4162
1567
8725
3359
5467
8366
1947
6538
8472
3188
7964
1874
5245
6777
3330
2366
1256
9882
7357
3043
8977
9000
5540
5717
1697
2149
1529
9911
2069
9948
2658
7995
4665
6343
2697
1930
1955
7715
6996
35
1051
6815
6912
5035
4196
1574
2391
2933
5272
6338
4310
2563
1827
9
2603
2934
1325
4940
4795
2264
2193
5588
5288
2572
4768
5441
1839
2916
8379
6984
3274
6468
1083
1190
3620
8700
2123
496
251
7893
1188
6868
2721
7674
204
6167
629
406
5123
5881
6748
8917
2846
7797
2373
7417
2368
5484
4904
4935
5966
8534
5035
4342
7009
6591
7979
8740
1592
1312
5962
6585
3060
780
4581
3979
4657
1651
7435
643
6358
5182
3374
1507
8299
2488
8692
1434
6338
3477
9357
2358
1477
1053
7249
7045
13
8899
789
8025
7310
5572
2877
3466
1624
4888
1781
8021
7376
5596
1360
9459
4993
9042
5028
727
4684
4237
1434
8250
4547
6232
8083
293
5513
837
8970
6596
8509
6477
9172
9808
9732
9174
6451
1581
5282
2096
5095
7308
2133
956
6484
7841
4122
9475
815
4181
379
7025
8964
2782
3514
9424
6171
9023
733
227
9672
354
7925
2093
8667
1842
2924
8595
4188
5567
2189
185
1643
7256
1687
2949
8893
7857
8165
5096
6455
7243
8155
8657
6874
5406
2225
9945
8162
4056
9478
9201
3531
9889
7642
3654
8723
8185
5461
9931
7128
3409
9687
3000
766
8157
5336
1362
7221
7831
6947
7218
7502
5102
335
1086
1519
1081
3790
513
231
8177
3590
2531
3397
8933
1310
4074
4519
3356
5607
6313
8734
7648
5083
3531
672
6122
3179
6183
3817
6220
9440
2856
2087
8782
4914
3213
5901
1499
5126
7385
6843
2543
3046
4482
7426
7529
3711
4455
233
1817
7590
1833
2266
895
7843
7891
1552
180
3854
8754
5618
8481
9744
2955
6250
8523
9436
5605
1947
2219
26
