2763
9970
6918
4476
6170
5276
7182
1243
8246
2379
713
2807
4440
7160
8443
8261
6601
2819
3975
7573
2594
4109
4823
5476
1140
3295
7696
4479
3246
6433
7932
8172
2322
2652
7093
5481
5021
1630
4803
2923
5027
8065
5529
6324
2740
7006
3785
2999
331
5866
9943
378
6209
9379
6780
2894
488
7183
5991
3416
2673
1511
6417
3589
5342
6553
1486
5088
1587
6996
6433
4193
8095
9425
4958
246
6509
1064
606
8806
4031
7597
6340
7643
8186
452
6510
2846
7807
6725
1018
5963
4507
2093
2460
1453
6666
2390
694
1605
3674
5986
9137
3857
3593
2629
8688
8842
518
2706
2577
9856
3732
6718
1366
895
6596
2860
2992
4802
3241
11
921
6848
6007
8717
3833
3510
2431
8143
77
9193
5753
3391
6201
9498
7125
641
9497
4599
4759
6557
107
6318
3678
7425
2054
5904
2379
6530
2786
6716
4711
4713
1234
4016
6488
2891
7775
6249
3613
6174
1819
8304
2108
860
9875
4725
494
5667
9938
352
8633
9213
6590
7726
9182
3310
3775
5212
6967
15
5649
8564
4657
3588
8551
2777
9026
572
4493
5946
956
2798
1435
1473
2373
4503
5805
5822
9007
9641
3943
5759
4959
8922
2838
1233
5207
5276
2035
3040
2578
1698
2170
2187
2337
6190
7028
8732
3611
6186
9389
1087
531
85
2492
6056
6138
1336
7480
7556
4281
8049
1449
9795
5555
1544
1613
5988
3974
2196
6682
9778
3316
1539
9630
3339
9755
929
1909
9849
1751
5362
1974
1218
2580
6505
2601
9483
1970
5099
5349
8754
6441
8226
5618
697
206
4409
3861
1471
121
3825
8217
2430
7458
7859
2000
8091
2500
5480
7226
2552
2485
5253
3144
7374
4408
2929
1437
2503
3585
7392
6648
5077
1949
4362
8111
4399
3483
1541
8142
5330
1544
4328
8708
6920
7429
1518
384
4775
9290
6471
8256
2901
9794
282
6564
2469
7909
7820
4328
9361
5465
716
5436
660
8373
901
9692
2708
9856
8664
8159
2119
6281
3105
8519
786
1874
5750
526
2265
8219
4105
8969
6564
4363
1555
1680
4542
8604
191
5722
6024
4825
4069
4515
7203
5004
7838
5762
8489
3874
1564
2882
3342
5029
8826
9266
7488
1438
4989
4963
575
6316
9676
5750
1377
5643
7045
7179
6759
7544
6475
7479
1929
5576
1448
3820
5078
5927
980
9167
1198
3298
8035
7792
3821
9527
9521
7658
5203
5052
3158
5681
6633
2194
2636
7343
7882
6080
9828
264
6967
3471
4172
229
3980
1651
2577
1182
9232
5418
4898
8530
4530
8072
9287
6985
5857
4122
3669
4657
3118
5767
2436
5008
9063
3875
733
3344
2609
1581
4165
6030
2923
9679
9031
2288
3083
27
125
8818
410
6747
7592
5146
9913
550
5690
2620
1350
5939
3581
7946
455
3466
4031
549
749
1626
5238
6144
338
4077
6267
8740
7476
2670
9670
7534
9256
8824
9868
2057
7092
7842
2773
1357
1469
2067
6333
7737
5847
9214
7177
1517
9132
6127
2052
9589
8482
6127
5902
4921
168
1083
4778
852
2586
7549
85
9781
9146
4054
4350
1156
2584
4421
9756
5478
9731
1798
8940
609
7784
2880
834
6065
2386
5051
4942
8798
1481
8322
2747
6938
1826
787
2362
7637
9938
3079
3773
5098
2356
8238
2938
6542
8894
2126
6827
2512
9739
8041
1476
5000
8011
3197
6713
2164
5703
9306
9440
5885
1851
6490
9482
8292
8921
8152
1661
3376
6290
7674
4408
7125
7527
5905
2678
1378
2197
6119
9218
8624
6026
5921
1171
4764
7885
4207
5440
7548
1338
8177
8425
5879
1898
7769
6391
4899
5397
8603
535
7024
1305
6962
1244
6739
2285
3122
1175
815
9926
1765
3558
9699
8188
2650
3733
8604
7582
3810
856
5977
4257
2638
5111
6172
3307
3949
8728
863
7885
2351
8667
7503
4060
5290
4398
6695
6911
5684
9708
6746
1567
1947
8366
5467
8472
7964
3188
5245
2366
1256
9882
3330
6777
7357
9000
8977
5540
3043
1874
6538
3359
1529
2149
9911
9948
2069
2658
7995
1697
5717
6343
2697
1930
1955
4665
1051
35
6815
6996
7715
2391
1574
4196
5035
6912
2933
8725
4162
9870
8779
9994
9393
5272
1475
1827
1325
2934
4940
2603
9
2264
5288
5588
2193
4795
2563
2572
1839
5441
4768
4310
6984
8379
2916
6468
1083
1190
496
2123
6868
1188
7674
204
2721
7893
251
8700
5123
6748
8917
7797
2373
2368
7417
5484
2846
5881
4904
406
629
5035
4342
8534
7979
6591
7009
5966
4935
1312
3979
4657
7435
643
3374
5182
6358
1651
1507
4581
8299
2488
780
8692
6338
3477
1434
9357
3060
6585
1053
1477
7249
13
7045
5572
7310
8025
2877
789
8899
2358
5962
1592
8740
3466
7376
5596
9459
4993
1360
8021
5028
727
4237
8250
1434
4684
8083
6232
293
9172
6477
8509
9174
1581
2096
956
2133
7308
5095
6484
9475
4122
7841
815
4181
2782
8964
7025
379
3514
733
9023
354
9672
8667
1842
2093
8595
2924
4188
7925
5567
227
6171
9424
5282
185
1643
2189
7256
2949
8893
5096
6455
6874
2225
8162
9945
4056
8185
5461
8723
9931
3654
7128
7642
3409
9889
9687
3531
9201
3000
7221
1362
7831
6947
5102
1086
335
1519
513
3790
1081
7502
231
2531
3590
8933
4074
1310
4519
5607
8734
6313
5083
7648
3356
6122
6183
6220
9440
2087
2856
3817
8782
3179
3213
7385
5126
3046
7426
7529
3711
4455
1817
1833
2266
895
7590
1552
5618
8481
8754
2955
9744
3854
9436
8523
6250
5605
180
7891
7843
1947
233
3408
6890
6804
3313
26
6243
2522
8756
2444
9330
2918
3021
4548
2219
4482
7251
2543
6843
1000
7044
8468
1499
7776
5901
9557
3169
4914
672
3531
974
3397
5917
5251
6920
5176
1631
3042
2090
8671
1268
3898
559
969
6477
3363
2821
