2763
9970
6918
4476
5276
6170
7182
1243
7226
713
2379
2430
2807
3975
4440
5212
2819
6601
7160
1453
2093
2390
2460
2594
1140
3295
3775
4109
3246
246
606
2322
2652
2846
2923
1630
4031
4479
4803
4823
4958
2740
5021
5027
5476
5481
2999
3589
331
3785
5342
378
5529
5866
5991
488
2894
6209
6324
1511
2673
3416
6417
6433
6433
1587
1486
5088
6553
6780
6996
4193
7006
7093
7183
7458
6509
1064
7573
7597
7696
7807
6340
6510
7643
452
7932
8065
8095
6725
1018
4507
5963
8172
8186
8217
6666
8246
352
694
1605
494
2629
3593
3674
3857
5986
11
518
2706
2577
2860
3241
895
1366
3732
6007
6596
2992
4802
6718
8261
921
6848
8443
8633
77
860
2431
3510
3833
2108
3613
2054
2379
2786
107
641
3391
3678
4599
4711
4759
5753
5904
6201
6249
6318
6488
6530
6557
6716
7125
1234
4713
4016
7425
2891
7775
8143
8688
1819
6174
8304
8717
8806
8842
4725
9137
5667
9193
9379
9425
6590
7726
9182
9213
3310
9497
9498
1087
15
1336
2337
2492
3588
2170
956
2777
572
3611
3825
4493
1435
2798
1473
2373
4503
4657
5649
5805
5822
2838
3943
4959
5759
5946
1233
2578
3040
2035
5207
5276
1698
6967
2187
7480
6190
7028
8551
8564
6186
8732
8922
85
531
9007
6056
6138
9026
9389
1449
4281
7556
8049
1471
1544
2196
1613
3861
3974
4409
5555
5618
3316
1539
5099
3339
2601
929
1909
5349
1751
1218
1974
2580
5362
5988
6505
6682
1970
8754
9483
9630
6441
8226
9641
206
697
9755
9778
9795
121
9849
9856
9875
9938
7859
2000
2500
8091
5480
9943
2552
2485
4408
3144
5253
7374
980
1437
2503
2882
1949
2929
3585
5077
4362
4399
5722
191
1541
3483
5330
526
901
1544
4328
5436
282
384
1518
2469
4775
2901
5750
6471
6648
6564
6920
7203
4328
7392
5465
7429
716
7820
660
7909
8111
3105
2708
8142
8256
6281
2119
8159
8373
8519
786
1874
8664
8708
2265
8219
4105
8604
1555
4363
6564
1680
4542
8826
8969
9167
4515
4069
4825
6024
9290
5004
5762
7838
1564
3874
8489
9361
3342
5029
9692
9266
575
1438
1448
4963
4989
6316
7488
5576
1377
5643
5750
6759
7045
1929
6475
7179
7479
7544
9676
3820
5078
5927
9794
9856
1198
3298
8035
2773
3821
7658
7792
9521
5203
3158
5052
5681
6633
2194
2636
3980
6080
7092
264
3471
4172
6967
7343
229
7882
1651
2577
1182
4898
5418
7534
8530
4530
5146
6985
8072
5857
4122
3669
4657
410
1581
2436
3118
733
3875
5008
3344
2609
5767
4165
125
2923
6030
6747
2288
3083
27
8818
9031
9063
9232
7592
9287
6144
550
1350
2620
5238
5690
549
749
455
3466
3581
4031
5939
1626
7946
9527
338
4077
6267
2670
7476
8740
9670
9679
2057
8824
9256
9828
9868
7842
9913
1357
1469
2067
6127
6333
5847
7177
7737
1517
9132
9214
2052
8482
9589
6127
5902
4921
168
85
1083
852
2586
4778
7549
9781
9146
4054
4350
1156
2584
4421
5478
9756
9731
1798
6065
609
7784
834
2880
8940
2386
5051
2356
4942
1481
2362
787
1826
2747
5098
6938
7637
8322
3079
3773
8798
9938
2938
6827
2126
6542
8238
8894
2512
9739
6847
1476
5000
8011
3197
4461
2164
4789
5703
6713
5885
1475
1661
1851
6490
7077
8041
8152
3376
5905
6290
4408
7125
7527
7674
1171
1378
2197
2678
4207
5921
6026
6119
6746
4764
7885
8292
1338
5440
7548
6911
8177
5879
1898
6391
7769
4899
5290
5397
535
1244
1305
2285
2638
2650
4257
3122
1175
815
6739
1765
3558
6962
7024
7582
3733
8188
8425
856
3810
5977
8603
8604
5111
3949
3307
4060
6172
863
7503
2351
7885
8624
8667
8728
4398
6695
8921
5684
9218
9304
1567
1947
3359
4162
5467
3188
6538
1874
2366
1256
3330
5245
6777
7357
3043
7964
5540
8366
8472
8725
8779
1529
1697
2149
2069
5717
2658
7995
8977
9000
4665
2697
1930
1955
6343
35
1051
6815
6996
7715
1574
2391
4196
5035
6912
2933
9306
9393
9440
9482
9612
9699
5272
9708
1827
9
1325
2563
2603
2934
2264
2193
4310
4795
4940
5288
2572
1839
4768
5441
5588
2916
6338
6984
3274
1083
1190
496
2123
251
1188
2721
204
3620
6468
6868
7674
406
629
5123
2846
2373
2368
5881
5484
6167
6748
4904
7417
7797
4935
4342
5035
5966
6591
7009
7893
7979
1312
780
1592
1651
643
3060
3374
3979
4581
1507
4657
5182
2488
5962
6358
1434
3477
6338
6585
7435
8299
1053
1477
2358
13
7045
789
5572
7249
2877
7310
8025
8379
8534
8692
8700
3466
1624
1781
1360
4888
4993
5596
5028
727
4237
1434
4684
7376
4547
6232
293
837
5513
6477
6596
1581
2096
956
2133
5095
5282
6451
4122
6484
7308
815
4181
379
2782
7025
7841
3514
733
6171
227
354
2093
1842
7925
2924
8021
4188
8083
5567
8250
8509
8595
8667
185
1643
2189
7256
1687
2949
5096
6455
6874
2225
5406
7243
4056
3531
3654
5461
7642
7857
7128
8155
3409
8162
8165
8185
8657
3000
766
1362
5336
6947
5102
335
1086
1519
513
1081
3790
7218
231
2531
3590
3397
1310
4074
4519
3356
5607
6313
5083
7221
7502
672
3179
3531
3817
2087
2856
6122
6183
6220
3213
1499
4914
2543
3046
4482
3711
4455
233
1817
1833
895
2266
1552
180
3854
5126
2955
5618
5901
6250
6843
7385
5605
7426
7529
7590
1947
7648
26
2219
3313
3408
6804
2444
2522
2918
6243
6890
7831
3021
4548
7843
7891
7251
8157
8177
1000
7044
8468
8481
7776
8523
3169
8723
8734
8740
8754
974
8756
5917
559
5251
1631
2090
3042
5176
6920
1268
3898
8671
969
1671
2821
3363
