3 375 0
7 67 6
8 604 1
10 539 3
12 832 5
15 683 3
16 981 0
19 475 1
23 197 0
27 180 2
28 829 0
29 174 5
31 856 6
32 711 1
36 350 2
38 289 1
39 414 3
40 959 6
41 321 3
42 702 3
43 620 4
44 882 3
47 368 5
50 401 1
52 381 5
53 637 6
58 113 0
60 720 0
66 378 1
73 152 7
74 517 2
77 405 3
78 990 0
81 261 5
83 976 0
85 143 2
87 200 1
89 557 6
90 172 0
91 388 1
92 756 4
93 788 0
95 722 1
97 240 2
98 738 1
99 690 5
102 696 3
103 855 5
104 450 3
106 193 1
107 603 1
109 265 1
111 833 0
115 163 0
116 189 1
117 559 1
119 594 3
122 838 0
124 762 3
129 806 0
130 729 0
135 723 1
138 535 0
140 241 0
144 456 1
145 223 0
153 768 5
155 972 5
160 408 1
167 409 2
168 588 0
175 299 2
176 688 2
181 253 6
183 770 0
186 836 1
190 545 10
196 831 0
202 421 0
204 606 5
206 954 0
209 448 1
210 222 0
215 952 1
218 572 2
219 286 2
221 503 4
226 297 1
227 465 5
228 751 9
231 923 2
234 482 2
236 422 0
237 556 0
238 997 6
243 645 3
249 353 3
252 834 6
254 592 0
255 848 4
268 389 4
272 418 4
275 470 2
276 689 7
278 373 1
279 815 1
280 365 0
282 899 0
285 731 3
287 411 2
290 895 3
298 564 0
301 850 0
311 526 0
313 955 0
318 949 1
320 499 12
322 511 1
323 694 0
324 759 0
328 515 0
330 784 3
333 672 2
335 542 0
336 434 2
337 930 2
345 479 0
348 358 3
351 957 2
355 372 1
357 512 0
367 428 3
370 406 0
371 948 1
379 506 2
380 986 4
382 742 0
383 819 6
386 476 1
387 563 0
390 584 1
394 726 0
399 641 0
400 757 1
402 793 0
403 883 2
412 709 3
419 858 1
423 887 0
427 643 0
429 971 0
436 822 2
437 519 6
442 844 2
444 488 0
447 852 1
455 902 8
457 500 0
460 940 0
468 562 0
480 679 0
481 712 1
483 936 10
484 885 5
486 618 5
490 963 1
491 938 0
493 967 2
495 589 6
504 820 2
514 735 1
516 877 0
536 922 0
537 853 1
546 707 0
548 817 0
566 608 5
573 897 7
585 654 1
587 627 2
593 727 2
598 713 1
610 623 0
615 675 3
628 636 3
635 992 0
653 970 1
660 914 3
661 842 1
664 790 14
676 802 6
680 960 6
681 789 0
684 794 1
704 896 8
728 773 3
730 863 0
733 752 1
736 744 6
737 801 7
746 991 1
747 765 1
766 857 4
778 839 3
779 846 2
785 878 1
808 946 2
830 920 1
841 869 3
851 910 0
867 996 1
872 888 2
912 973 2
941 994 2
942 999 3
995 998 0
